{
  "stats": {
    "suites": 1,
    "tests": 1,
    "passes": 0,
    "pending": 0,
    "failures": 1,
    "start": "2020-09-06T10:57:18.044Z",
    "end": "2020-09-06T10:57:32.665Z",
    "duration": 14621,
    "testsRegistered": 1,
    "passPercent": 0,
    "pendingPercent": 0,
    "other": 0,
    "hasOther": false,
    "skipped": 0,
    "hasSkipped": false
  },
  "results": [
    {
      "uuid": "142a2be8-d395-4c7b-936d-6437cc805638",
      "title": "",
      "fullFile": "",
      "file": "",
      "beforeHooks": [],
      "afterHooks": [],
      "tests": [],
      "suites": [
        {
          "uuid": "e0d30e14-df4e-41ac-bf7d-2621424336ec",
          "title": "login",
          "fullFile": "C:\\Users\\marb6\\OneDrive\\Documents\\CodeceptExample\\login_test.js",
          "file": "\\login_test.js",
          "beforeHooks": [
            {
              "title": "\"before all\" hook: codeceptjs.beforeSuite",
              "fullTitle": "login \"before all\" hook: codeceptjs.beforeSuite",
              "timedOut": false,
              "duration": 2,
              "state": null,
              "speed": null,
              "pass": false,
              "fail": false,
              "pending": false,
              "context": null,
              "code": "scenario.suiteSetup(suite)",
              "err": {},
              "uuid": "c9443654-3bfa-4780-b85d-72736a69e608",
              "parentUUID": "e0d30e14-df4e-41ac-bf7d-2621424336ec",
              "isHook": true,
              "skipped": false
            },
            {
              "title": "\"before each\" hook: codeceptjs.before",
              "fullTitle": "login \"before each\" hook: codeceptjs.before",
              "timedOut": false,
              "duration": 827,
              "state": null,
              "speed": null,
              "pass": false,
              "fail": false,
              "pending": false,
              "context": null,
              "code": "scenario.setup(suite)",
              "err": {},
              "uuid": "ddb91e7a-624b-4330-857f-9d971295f0a8",
              "parentUUID": "e0d30e14-df4e-41ac-bf7d-2621424336ec",
              "isHook": true,
              "skipped": false
            },
            {
              "title": "\"before each\" hook: Before",
              "fullTitle": "login \"before each\" hook: Before",
              "timedOut": false,
              "duration": 8437,
              "state": null,
              "speed": null,
              "pass": false,
              "fail": false,
              "pending": false,
              "context": null,
              "code": "I.amOnPage('/Login.html');",
              "err": {},
              "uuid": "b534a067-277c-4efe-9c20-2958f998a16a",
              "parentUUID": "e0d30e14-df4e-41ac-bf7d-2621424336ec",
              "isHook": true,
              "skipped": false
            }
          ],
          "afterHooks": [
            {
              "title": "\"after all\" hook: codeceptjs.afterSuite",
              "fullTitle": "login \"after all\" hook: codeceptjs.afterSuite",
              "timedOut": false,
              "duration": 0,
              "state": null,
              "speed": null,
              "pass": false,
              "fail": false,
              "pending": false,
              "context": null,
              "code": "scenario.suiteTeardown(suite)",
              "err": {},
              "uuid": "f8a2dcc4-ae33-477c-816a-859c7ee1ab66",
              "parentUUID": "e0d30e14-df4e-41ac-bf7d-2621424336ec",
              "isHook": true,
              "skipped": false
            },
            {
              "title": "\"after each\" hook: finalize codeceptjs",
              "fullTitle": "login \"after each\" hook: finalize codeceptjs",
              "timedOut": false,
              "duration": 132,
              "state": null,
              "speed": null,
              "pass": false,
              "fail": false,
              "pending": false,
              "context": null,
              "code": "scenario.teardown(suite)",
              "err": {},
              "uuid": "71002f12-d805-4ad7-a57a-bc4a1c6a0852",
              "parentUUID": "e0d30e14-df4e-41ac-bf7d-2621424336ec",
              "isHook": true,
              "skipped": false
            }
          ],
          "tests": [
            {
              "title": "test the demo site",
              "fullTitle": "login: test the demo site",
              "timedOut": false,
              "duration": 5208,
              "state": "failed",
              "speed": null,
              "pass": false,
              "fail": true,
              "pending": false,
              "context": null,
              "code": "// Fill in the passsword and username text fields\nI.fillField(\"UserName\", \"admin\");\nI.fillField(\"Password\", \"password\");\nI.click(\"//input[@type='submit']\");\n// Wait for the element to be present\nI.waitForElement({xpath: \"//input[@name='Initial']\"});\n// Create and save screenshot\n// screenshot will be created and saved in output on failure\nI.saveScreenshot(\"loggedin.jpg\");\n// Checking a radio button/check box\nI.checkOption(\"Hindi\");\n// Checking the page title\nI.seeTitleEquals(\"Execute Automation\");",
              "err": {
                "message": "Error: Field \"UserName\" was not found by text|CSS|XPath",
                "estack": "Field \"UserName\" was not found by text|CSS|XPath\n\nScenario Steps:\n\n- I.fillField(\"UserName\", \"admin\") at Test.<anonymous> (login_test.js:14:7)\n\n",
                "diff": null
              },
              "uuid": "3fe0a192-d3e4-4e2e-b440-446994194f8c",
              "parentUUID": "e0d30e14-df4e-41ac-bf7d-2621424336ec",
              "isHook": false,
              "skipped": false
            }
          ],
          "suites": [],
          "passes": [],
          "failures": [
            "3fe0a192-d3e4-4e2e-b440-446994194f8c"
          ],
          "pending": [],
          "skipped": [],
          "duration": 5208,
          "root": false,
          "rootEmpty": false,
          "_timeout": 0
        }
      ],
      "passes": [],
      "failures": [],
      "pending": [],
      "skipped": [],
      "duration": 0,
      "root": true,
      "rootEmpty": true,
      "_timeout": 0
    }
  ],
  "meta": {
    "mocha": {
      "version": "6.2.3"
    },
    "mochawesome": {
      "options": {
        "quiet": false,
        "reportFilename": "mochawesome",
        "saveHtml": true,
        "saveJson": true,
        "consoleReporter": "spec",
        "useInlineDiffs": false,
        "code": true
      },
      "version": "6.1.1"
    },
    "marge": {
      "options": {},
      "version": "5.1.0"
    }
  }
}